<?xml version="1.0" encoding="UTF-8"?>
<!-- Generated by org.testng.reporters.JUnitReportReporter -->
<testsuite hostname="LAPTOP-BOA1N4PS" failures="0" tests="1" name="Testcases.TC_002_Login" time="5.062" errors="0" timestamp="2025-09-18T21:27:55 IST" skipped="0">
  <testcase classname="Testcases.TC_002_Login" name="verifyLogin" time="5.062"/>
  <system-out/>
</testsuite> <!-- Testcases.TC_002_Login -->
