<?xml version="1.0" encoding="UTF-8"?>
<!-- Generated by org.testng.reporters.JUnitReportReporter -->
<testsuite hostname="LAPTOP-BOA1N4PS" failures="0" tests="4" name="Testcases.TC_003_LoginWithDDT" time="38.364" errors="0" timestamp="2025-09-18T21:27:55 IST" skipped="0">
  <testcase classname="Testcases.TC_003_LoginWithDDT" name="verify_LoginDDT" time="3.877"/>
  <system-out/>
  <testcase classname="Testcases.TC_003_LoginWithDDT" name="verify_LoginDDT" time="11.794"/>
  <system-out/>
  <testcase classname="Testcases.TC_003_LoginWithDDT" name="verify_LoginDDT" time="11.165"/>
  <system-out/>
  <testcase classname="Testcases.TC_003_LoginWithDDT" name="verify_LoginDDT" time="11.528"/>
  <system-out/>
</testsuite> <!-- Testcases.TC_003_LoginWithDDT -->
