<?xml version="1.0" encoding="UTF-8"?>
<!-- Generated by org.testng.reporters.JUnitReportReporter -->
<testsuite hostname="LAPTOP-BOA1N4PS" failures="0" tests="1" name="Testcases.TC_001" time="10.371" errors="0" timestamp="2025-09-18T21:27:55 IST" skipped="0">
  <testcase classname="Testcases.TC_001" name="verifyAccountRegistration" time="10.371"/>
  <system-out/>
</testsuite> <!-- Testcases.TC_001 -->
