<?xml version="1.0" encoding="UTF-8"?>
<!-- Generated by org.testng.reporters.JUnitReportReporter -->
<testsuite hostname="LAPTOP-BOA1N4PS" failures="0" tests="1" name="TestBase.BaseClass" time="8.919" errors="0" timestamp="2025-09-08T22:45:10 IST" skipped="0">
  <testcase classname="TestBase.BaseClass" name="verifyAccountRegistration" time="8.919"/>
  <system-out/>
</testsuite> <!-- TestBase.BaseClass -->
